mode: set
github.com/nabilulilalbab/welcomesite/services/task_service.go:20.67,22.2 1 0
github.com/nabilulilalbab/welcomesite/services/task_service.go:24.79,26.2 1 0
github.com/nabilulilalbab/welcomesite/services/task_service.go:28.70,30.2 1 0
github.com/nabilulilalbab/welcomesite/services/task_service.go:32.64,34.2 1 0
github.com/nabilulilalbab/welcomesite/services/task_service.go:36.79,38.2 1 0
github.com/nabilulilalbab/welcomesite/services/task_service.go:40.53,42.2 1 0
github.com/nabilulilalbab/welcomesite/config/database.go:12.21,14.16 2 0
github.com/nabilulilalbab/welcomesite/config/database.go:14.16,15.38 1 0
github.com/nabilulilalbab/welcomesite/config/database.go:18.2,19.9 2 0
github.com/nabilulilalbab/welcomesite/cmd/main.go:5.13,7.2 1 0
github.com/nabilulilalbab/welcomesite/repositories/task_repository.go:21.52,23.2 1 0
github.com/nabilulilalbab/welcomesite/repositories/task_repository.go:25.78,28.2 2 0
github.com/nabilulilalbab/welcomesite/repositories/task_repository.go:30.70,34.2 3 0
github.com/nabilulilalbab/welcomesite/repositories/task_repository.go:36.63,40.2 3 0
github.com/nabilulilalbab/welcomesite/repositories/task_repository.go:42.78,45.2 2 0
github.com/nabilulilalbab/welcomesite/repositories/task_repository.go:47.52,50.2 2 0
github.com/nabilulilalbab/welcomesite/tests/mock/mock_task_repository.go:13.74,16.2 2 0
github.com/nabilulilalbab/welcomesite/tests/mock/mock_task_repository.go:18.66,21.2 2 0
github.com/nabilulilalbab/welcomesite/tests/mock/mock_task_repository.go:23.59,26.2 2 0
github.com/nabilulilalbab/welcomesite/tests/mock/mock_task_repository.go:28.74,31.2 2 0
github.com/nabilulilalbab/welcomesite/tests/mock/mock_task_repository.go:33.48,36.2 2 0
